Error lines received while fetching: error: failed to push some refs to 'github.com:dHbdHbdHb/craigslist_alert.git'
Error lines received while fetching: error: failed to push some refs to 'github.com:dHbdHbdHb/craigslist_alert.git'
Error lines received while fetching: error: failed to push some refs to 'github.com:dHbdHbdHb/craigslist_alert.git'
From github.com:dHbdHbdHb/craigslist_alert
 * branch            main       -> FETCH_HEAD
hint: You have divergent branches and need to specify how to reconcile them.
hint: You can do so by running one of the following commands sometime before
hint: your next pull:
hint: 
hint:   git config pull.rebase false  # merge
hint:   git config pull.rebase true   # rebase
hint:   git config pull.ff only       # fast-forward only
hint: 
hint: You can replace "git config" with "git config --global" to set a default
hint: preference for all repositories. You can also pass --rebase, --no-rebase,
hint: or --ff-only on the command line to override the configured default per
hint: invocation.
fatal: Need to specify how to reconcile divergent branches.
From github.com:dHbdHbdHb/craigslist_alert
 * branch            main       -> FETCH_HEAD
hint: You have divergent branches and need to specify how to reconcile them.
hint: You can do so by running one of the following commands sometime before
hint: your next pull:
hint: 
hint:   git config pull.rebase false  # merge
hint:   git config pull.rebase true   # rebase
hint:   git config pull.ff only       # fast-forward only
hint: 
hint: You can replace "git config" with "git config --global" to set a default
hint: preference for all repositories. You can also pass --rebase, --no-rebase,
hint: or --ff-only on the command line to override the configured default per
hint: invocation.
fatal: Need to specify how to reconcile divergent branches.
From github.com:dHbdHbdHb/craigslist_alert
 * branch            main       -> FETCH_HEAD
hint: You have divergent branches and need to specify how to reconcile them.
hint: You can do so by running one of the following commands sometime before
hint: your next pull:
hint: 
hint:   git config pull.rebase false  # merge
hint:   git config pull.rebase true   # rebase
hint:   git config pull.ff only       # fast-forward only
hint: 
hint: You can replace "git config" with "git config --global" to set a default
hint: preference for all repositories. You can also pass --rebase, --no-rebase,
hint: or --ff-only on the command line to override the configured default per
hint: invocation.
fatal: Need to specify how to reconcile divergent branches.
From github.com:dHbdHbdHb/craigslist_alert
 * branch            main       -> FETCH_HEAD
hint: You have divergent branches and need to specify how to reconcile them.
hint: You can do so by running one of the following commands sometime before
hint: your next pull:
hint: 
hint:   git config pull.rebase false  # merge
hint:   git config pull.rebase true   # rebase
hint:   git config pull.ff only       # fast-forward only
hint: 
hint: You can replace "git config" with "git config --global" to set a default
hint: preference for all repositories. You can also pass --rebase, --no-rebase,
hint: or --ff-only on the command line to override the configured default per
hint: invocation.
fatal: Need to specify how to reconcile divergent branches.
From github.com:dHbdHbdHb/craigslist_alert
 * branch            main       -> FETCH_HEAD
hint: You have divergent branches and need to specify how to reconcile them.
hint: You can do so by running one of the following commands sometime before
hint: your next pull:
hint: 
hint:   git config pull.rebase false  # merge
hint:   git config pull.rebase true   # rebase
hint:   git config pull.ff only       # fast-forward only
hint: 
hint: You can replace "git config" with "git config --global" to set a default
hint: preference for all repositories. You can also pass --rebase, --no-rebase,
hint: or --ff-only on the command line to override the configured default per
hint: invocation.
fatal: Need to specify how to reconcile divergent branches.
From github.com:dHbdHbdHb/craigslist_alert
 * branch            main       -> FETCH_HEAD
Already up to date.
On branch main
Your branch is up to date with 'origin/main'.

Changes not staged for commit:
  (use "git add <file>..." to update what will be committed)
  (use "git restore <file>..." to discard changes in working directory)
	modified:   logs/alert.log
	modified:   logs/git.log
	modified:   logs/scraper.log

no changes added to commit (use "git add" and/or "git commit -a")
From github.com:dHbdHbdHb/craigslist_alert
 * branch            main       -> FETCH_HEAD
Already up to date.
[main 4e90ecf] Auto-update listings: 2025-05-23 12:00:02
 1 file changed, 2 insertions(+), 1 deletion(-)
To github.com:dHbdHbdHb/craigslist_alert.git
   e04a355..4e90ecf  main -> main
From github.com:dHbdHbdHb/craigslist_alert
 * branch            main       -> FETCH_HEAD
Already up to date.
[main a47326d] Auto-update listings: 2025-05-23 18:00:02
 1 file changed, 4 insertions(+)
To github.com:dHbdHbdHb/craigslist_alert.git
   4e90ecf..a47326d  main -> main
