Scraped 10 listings; 15 active; 0 archived.
                                                title  ... alerted
14  Classic Three Bedroom Flat | Hardwood Floors |...  ...   False
0   REMODELED BRIGHT LARGE 1500sf 3BR/2.5BA Balboa...  ...   False
1                              3 bedrooms 2 bathrooms  ...   False
2   Newly Remodeled House inner Sunset close to UC...  ...   False
3   Coastal living! 3BDRM split apartment home at ...  ...   False

[5 rows x 11 columns]
Scraped 9 listings; 15 active; 0 archived.
                                               title  ... alerted
0  Classic Three Bedroom Flat | Hardwood Floors |...  ...   False
1  REMODELED BRIGHT LARGE 1500sf 3BR/2.5BA Balboa...  ...   False
2                             3 bedrooms 2 bathrooms  ...   False
3  Newly Remodeled House inner Sunset close to UC...  ...   False
4  Coastal living! 3BDRM split apartment home at ...  ...   False

[5 rows x 11 columns]
Scraped 9 listings; 15 active; 0 archived.
                                               title  ... alerted
0  Classic Three Bedroom Flat | Hardwood Floors |...  ...   False
1  REMODELED BRIGHT LARGE 1500sf 3BR/2.5BA Balboa...  ...   False
2                             3 bedrooms 2 bathrooms  ...   False
3  Newly Remodeled House inner Sunset close to UC...  ...   False
4  Coastal living! 3BDRM split apartment home at ...  ...   False

[5 rows x 11 columns]
Scraped 10 listings; 16 active; 0 archived.
                                                title  ... alerted
15  Spacious 3BR Home with Large Backyard – Availa...  ...   False
0   Classic Three Bedroom Flat | Hardwood Floors |...  ...   False
1   REMODELED BRIGHT LARGE 1500sf 3BR/2.5BA Balboa...  ...   False
2                              3 bedrooms 2 bathrooms  ...   False
3   Newly Remodeled House inner Sunset close to UC...  ...   False

[5 rows x 11 columns]
Scraped 10 listings; 16 active; 0 archived.
                                               title  ... alerted
0  Spacious 3BR Home with Large Backyard – Availa...  ...   False
1  Classic Three Bedroom Flat | Hardwood Floors |...  ...   False
2  REMODELED BRIGHT LARGE 1500sf 3BR/2.5BA Balboa...  ...   False
3                             3 bedrooms 2 bathrooms  ...   False
4  Newly Remodeled House inner Sunset close to UC...  ...   False

[5 rows x 11 columns]
